Copyright 1986-2018 Xilinx, Inc. All Rights Reserved.
------------------------------------------------------------------------------------
| Tool Version : Vivado v.2018.3 (lin64) Build 2405991 Thu Dec  6 23:36:41 MST 2018
| Date         : Fri Dec 14 12:40:09 2018
| Host         : saba-VirtualBox running 64-bit Ubuntu 18.04.1 LTS
| Command      : upgrade_ip
| Device       : xc7z020clg484-1
------------------------------------------------------------------------------------

Upgrade Log for IP 'blk_mem_gen_1'

1. Summary
----------

SUCCESS in the upgrade of blk_mem_gen_1 (xilinx.com:ip:blk_mem_gen:8.4) from (Rev. 1) to (Rev. 2)






Copyright 1986-2018 Xilinx, Inc. All Rights Reserved.
------------------------------------------------------------------------------------
| Tool Version : Vivado v.2018.3 (lin64) Build 2405991 Thu Dec  6 23:36:41 MST 2018
| Date         : Fri Dec 14 12:40:08 2018
| Host         : saba-VirtualBox running 64-bit Ubuntu 18.04.1 LTS
| Command      : upgrade_ip
| Device       : xc7z020clg484-1
------------------------------------------------------------------------------------

Upgrade Log for IP 'blk_mem_gen_0'

1. Summary
----------

SUCCESS in the upgrade of blk_mem_gen_0 (xilinx.com:ip:blk_mem_gen:8.4) from (Rev. 1) to (Rev. 2)






Copyright 1986-2018 Xilinx, Inc. All Rights Reserved.
------------------------------------------------------------------------------------
| Tool Version : Vivado v.2018.3 (lin64) Build 2405991 Thu Dec  6 23:36:41 MST 2018
| Date         : Fri Dec 14 12:35:13 2018
| Host         : saba-VirtualBox running 64-bit Ubuntu 18.04.1 LTS
| Command      : upgrade_ip
| Device       : xc7z020clg484-1
------------------------------------------------------------------------------------

Upgrade Log for IP 'clk_wiz_0'

1. Summary
----------

SUCCESS in the upgrade of clk_wiz_0 (xilinx.com:ip:clk_wiz:6.0) from (Rev. 1) to (Rev. 2)

