
*** Running vivado
    with args -log blk_mem_gen_0.vds -m64 -product Vivado -mode batch -messageDb vivado.pb -notrace -source blk_mem_gen_0.tcl


****** Vivado v2018.2.2 (64-bit)
  **** SW Build 2348494 on Mon Oct  1 18:25:39 MDT 2018
  **** IP Build 2318053 on Mon Oct  1 21:44:26 MDT 2018
    ** Copyright 1986-2018 Xilinx, Inc. All Rights Reserved.

source blk_mem_gen_0.tcl -notrace
Command: synth_design -top blk_mem_gen_0 -part xc7z020clg484-1 -mode out_of_context
Starting synth_design
Attempting to get a license for feature 'Synthesis' and/or device 'xc7z020'
INFO: [Common 17-349] Got license for feature 'Synthesis' and/or device 'xc7z020'
INFO: Launching helper process for spawning children vivado processes
INFO: Helper process launched with PID 29558 
---------------------------------------------------------------------------------
Starting RTL Elaboration : Time (s): cpu = 00:00:06 ; elapsed = 00:00:17 . Memory (MB): peak = 1344.473 ; gain = 81.898 ; free physical = 6065 ; free virtual = 9981
---------------------------------------------------------------------------------
INFO: [Synth 8-638] synthesizing module 'blk_mem_gen_0' [/home/saba/Documents/workstation4_image_processing/project_1/project_1.srcs/sources_1/ip/blk_mem_gen_0/synth/blk_mem_gen_0.vhd:71]
	Parameter C_FAMILY bound to: zynq - type: string 
	Parameter C_XDEVICEFAMILY bound to: zynq - type: string 
	Parameter C_ELABORATION_DIR bound to: ./ - type: string 
	Parameter C_INTERFACE_TYPE bound to: 0 - type: integer 
	Parameter C_AXI_TYPE bound to: 1 - type: integer 
	Parameter C_AXI_SLAVE_TYPE bound to: 0 - type: integer 
	Parameter C_USE_BRAM_BLOCK bound to: 0 - type: integer 
	Parameter C_ENABLE_32BIT_ADDRESS bound to: 0 - type: integer 
	Parameter C_CTRL_ECC_ALGO bound to: NONE - type: string 
	Parameter C_HAS_AXI_ID bound to: 0 - type: integer 
	Parameter C_AXI_ID_WIDTH bound to: 4 - type: integer 
	Parameter C_MEM_TYPE bound to: 1 - type: integer 
	Parameter C_BYTE_SIZE bound to: 9 - type: integer 
	Parameter C_ALGORITHM bound to: 1 - type: integer 
	Parameter C_PRIM_TYPE bound to: 1 - type: integer 
	Parameter C_LOAD_INIT_FILE bound to: 0 - type: integer 
	Parameter C_INIT_FILE_NAME bound to: no_coe_file_loaded - type: string 
	Parameter C_INIT_FILE bound to: blk_mem_gen_0.mem - type: string 
	Parameter C_USE_DEFAULT_DATA bound to: 0 - type: integer 
	Parameter C_DEFAULT_DATA bound to: 0 - type: string 
	Parameter C_HAS_RSTA bound to: 0 - type: integer 
	Parameter C_RST_PRIORITY_A bound to: CE - type: string 
	Parameter C_RSTRAM_A bound to: 0 - type: integer 
	Parameter C_INITA_VAL bound to: 0 - type: string 
	Parameter C_HAS_ENA bound to: 0 - type: integer 
	Parameter C_HAS_REGCEA bound to: 0 - type: integer 
	Parameter C_USE_BYTE_WEA bound to: 0 - type: integer 
	Parameter C_WEA_WIDTH bound to: 1 - type: integer 
	Parameter C_WRITE_MODE_A bound to: NO_CHANGE - type: string 
	Parameter C_WRITE_WIDTH_A bound to: 12 - type: integer 
	Parameter C_READ_WIDTH_A bound to: 12 - type: integer 
	Parameter C_WRITE_DEPTH_A bound to: 279900 - type: integer 
	Parameter C_READ_DEPTH_A bound to: 279900 - type: integer 
	Parameter C_ADDRA_WIDTH bound to: 19 - type: integer 
	Parameter C_HAS_RSTB bound to: 0 - type: integer 
	Parameter C_RST_PRIORITY_B bound to: CE - type: string 
	Parameter C_RSTRAM_B bound to: 0 - type: integer 
	Parameter C_INITB_VAL bound to: 0 - type: string 
	Parameter C_HAS_ENB bound to: 0 - type: integer 
	Parameter C_HAS_REGCEB bound to: 0 - type: integer 
	Parameter C_USE_BYTE_WEB bound to: 0 - type: integer 
	Parameter C_WEB_WIDTH bound to: 1 - type: integer 
	Parameter C_WRITE_MODE_B bound to: WRITE_FIRST - type: string 
	Parameter C_WRITE_WIDTH_B bound to: 12 - type: integer 
	Parameter C_READ_WIDTH_B bound to: 12 - type: integer 
	Parameter C_WRITE_DEPTH_B bound to: 279900 - type: integer 
	Parameter C_READ_DEPTH_B bound to: 279900 - type: integer 
	Parameter C_ADDRB_WIDTH bound to: 19 - type: integer 
	Parameter C_HAS_MEM_OUTPUT_REGS_A bound to: 0 - type: integer 
	Parameter C_HAS_MEM_OUTPUT_REGS_B bound to: 1 - type: integer 
	Parameter C_HAS_MUX_OUTPUT_REGS_A bound to: 0 - type: integer 
	Parameter C_HAS_MUX_OUTPUT_REGS_B bound to: 0 - type: integer 
	Parameter C_MUX_PIPELINE_STAGES bound to: 0 - type: integer 
	Parameter C_HAS_SOFTECC_INPUT_REGS_A bound to: 0 - type: integer 
	Parameter C_HAS_SOFTECC_OUTPUT_REGS_B bound to: 0 - type: integer 
	Parameter C_USE_SOFTECC bound to: 0 - type: integer 
	Parameter C_USE_ECC bound to: 0 - type: integer 
	Parameter C_EN_ECC_PIPE bound to: 0 - type: integer 
	Parameter C_HAS_INJECTERR bound to: 0 - type: integer 
	Parameter C_SIM_COLLISION_CHECK bound to: ALL - type: string 
	Parameter C_COMMON_CLK bound to: 0 - type: integer 
	Parameter C_DISABLE_WARN_BHV_COLL bound to: 0 - type: integer 
	Parameter C_EN_SLEEP_PIN bound to: 0 - type: integer 
	Parameter C_USE_URAM bound to: 0 - type: integer 
	Parameter C_EN_RDADDRA_CHG bound to: 0 - type: integer 
	Parameter C_EN_RDADDRB_CHG bound to: 0 - type: integer 
	Parameter C_EN_DEEPSLEEP_PIN bound to: 0 - type: integer 
	Parameter C_EN_SHUTDOWN_PIN bound to: 0 - type: integer 
	Parameter C_EN_SAFETY_CKT bound to: 0 - type: integer 
	Parameter C_DISABLE_WARN_BHV_RANGE bound to: 0 - type: integer 
	Parameter C_COUNT_36K_BRAM bound to: 93 - type: string 
	Parameter C_COUNT_18K_BRAM bound to: 4 - type: string 
	Parameter C_EST_POWER_SUMMARY bound to: Estimated Power for IP     :     16.825942 mW - type: string 
INFO: [Synth 8-3491] module 'blk_mem_gen_v8_4_1' declared at '/home/saba/Documents/workstation4_image_processing/project_1/project_1.srcs/sources_1/ip/blk_mem_gen_0/hdl/blk_mem_gen_v8_4_vhsyn_rfs.vhd:195313' bound to instance 'U0' of component 'blk_mem_gen_v8_4_1' [/home/saba/Documents/workstation4_image_processing/project_1/project_1.srcs/sources_1/ip/blk_mem_gen_0/synth/blk_mem_gen_0.vhd:237]
INFO: [Synth 8-256] done synthesizing module 'blk_mem_gen_0' (11#1) [/home/saba/Documents/workstation4_image_processing/project_1/project_1.srcs/sources_1/ip/blk_mem_gen_0/synth/blk_mem_gen_0.vhd:71]
WARNING: [Synth 8-3331] design blk_mem_gen_mux__parameterized0 has unconnected port MUX_RST[0]
WARNING: [Synth 8-3331] design blk_mem_gen_mux__parameterized0 has unconnected port MEM_LAT_RST
WARNING: [Synth 8-3331] design blk_mem_gen_mux__parameterized0 has unconnected port MUX_REGCE[0]
WARNING: [Synth 8-3331] design blk_mem_gen_mux__parameterized0 has unconnected port WE
WARNING: [Synth 8-3331] design blk_mem_gen_mux__parameterized0 has unconnected port ADDR_IN[18]
WARNING: [Synth 8-3331] design blk_mem_gen_mux__parameterized0 has unconnected port ADDR_IN[17]
WARNING: [Synth 8-3331] design blk_mem_gen_mux__parameterized0 has unconnected port ADDR_IN[16]
WARNING: [Synth 8-3331] design blk_mem_gen_mux__parameterized0 has unconnected port ADDR_IN[15]
WARNING: [Synth 8-3331] design blk_mem_gen_mux__parameterized0 has unconnected port ADDR_IN[14]
WARNING: [Synth 8-3331] design blk_mem_gen_mux__parameterized0 has unconnected port ADDR_IN[13]
WARNING: [Synth 8-3331] design blk_mem_gen_mux__parameterized0 has unconnected port ADDR_IN[12]
WARNING: [Synth 8-3331] design blk_mem_gen_mux__parameterized0 has unconnected port ADDR_IN[11]
WARNING: [Synth 8-3331] design blk_mem_gen_mux__parameterized0 has unconnected port ADDR_IN[10]
WARNING: [Synth 8-3331] design blk_mem_gen_mux__parameterized0 has unconnected port ADDR_IN[9]
WARNING: [Synth 8-3331] design blk_mem_gen_mux__parameterized0 has unconnected port ADDR_IN[8]
WARNING: [Synth 8-3331] design blk_mem_gen_mux__parameterized0 has unconnected port ADDR_IN[7]
WARNING: [Synth 8-3331] design blk_mem_gen_mux__parameterized0 has unconnected port ADDR_IN[6]
WARNING: [Synth 8-3331] design blk_mem_gen_mux__parameterized0 has unconnected port ADDR_IN[5]
WARNING: [Synth 8-3331] design blk_mem_gen_mux__parameterized0 has unconnected port ADDR_IN[4]
WARNING: [Synth 8-3331] design blk_mem_gen_mux__parameterized0 has unconnected port ADDR_IN[3]
WARNING: [Synth 8-3331] design blk_mem_gen_mux__parameterized0 has unconnected port ADDR_IN[2]
WARNING: [Synth 8-3331] design blk_mem_gen_mux__parameterized0 has unconnected port ADDR_IN[1]
WARNING: [Synth 8-3331] design blk_mem_gen_mux__parameterized0 has unconnected port ADDR_IN[0]
WARNING: [Synth 8-3331] design blk_mem_gen_mux__parameterized0 has unconnected port SBITERRIN[3071]
WARNING: [Synth 8-3331] design blk_mem_gen_mux__parameterized0 has unconnected port SBITERRIN[3070]
WARNING: [Synth 8-3331] design blk_mem_gen_mux__parameterized0 has unconnected port SBITERRIN[3069]
WARNING: [Synth 8-3331] design blk_mem_gen_mux__parameterized0 has unconnected port SBITERRIN[3068]
WARNING: [Synth 8-3331] design blk_mem_gen_mux__parameterized0 has unconnected port SBITERRIN[3067]
WARNING: [Synth 8-3331] design blk_mem_gen_mux__parameterized0 has unconnected port SBITERRIN[3066]
WARNING: [Synth 8-3331] design blk_mem_gen_mux__parameterized0 has unconnected port SBITERRIN[3065]
WARNING: [Synth 8-3331] design blk_mem_gen_mux__parameterized0 has unconnected port SBITERRIN[3064]
WARNING: [Synth 8-3331] design blk_mem_gen_mux__parameterized0 has unconnected port SBITERRIN[3063]
WARNING: [Synth 8-3331] design blk_mem_gen_mux__parameterized0 has unconnected port SBITERRIN[3062]
WARNING: [Synth 8-3331] design blk_mem_gen_mux__parameterized0 has unconnected port SBITERRIN[3061]
WARNING: [Synth 8-3331] design blk_mem_gen_mux__parameterized0 has unconnected port SBITERRIN[3060]
WARNING: [Synth 8-3331] design blk_mem_gen_mux__parameterized0 has unconnected port SBITERRIN[3059]
WARNING: [Synth 8-3331] design blk_mem_gen_mux__parameterized0 has unconnected port SBITERRIN[3058]
WARNING: [Synth 8-3331] design blk_mem_gen_mux__parameterized0 has unconnected port SBITERRIN[3057]
WARNING: [Synth 8-3331] design blk_mem_gen_mux__parameterized0 has unconnected port SBITERRIN[3056]
WARNING: [Synth 8-3331] design blk_mem_gen_mux__parameterized0 has unconnected port SBITERRIN[3055]
WARNING: [Synth 8-3331] design blk_mem_gen_mux__parameterized0 has unconnected port SBITERRIN[3054]
WARNING: [Synth 8-3331] design blk_mem_gen_mux__parameterized0 has unconnected port SBITERRIN[3053]
WARNING: [Synth 8-3331] design blk_mem_gen_mux__parameterized0 has unconnected port SBITERRIN[3052]
WARNING: [Synth 8-3331] design blk_mem_gen_mux__parameterized0 has unconnected port SBITERRIN[3051]
WARNING: [Synth 8-3331] design blk_mem_gen_mux__parameterized0 has unconnected port SBITERRIN[3050]
WARNING: [Synth 8-3331] design blk_mem_gen_mux__parameterized0 has unconnected port SBITERRIN[3049]
WARNING: [Synth 8-3331] design blk_mem_gen_mux__parameterized0 has unconnected port SBITERRIN[3048]
WARNING: [Synth 8-3331] design blk_mem_gen_mux__parameterized0 has unconnected port SBITERRIN[3047]
WARNING: [Synth 8-3331] design blk_mem_gen_mux__parameterized0 has unconnected port SBITERRIN[3046]
WARNING: [Synth 8-3331] design blk_mem_gen_mux__parameterized0 has unconnected port SBITERRIN[3045]
WARNING: [Synth 8-3331] design blk_mem_gen_mux__parameterized0 has unconnected port SBITERRIN[3044]
WARNING: [Synth 8-3331] design blk_mem_gen_mux__parameterized0 has unconnected port SBITERRIN[3043]
WARNING: [Synth 8-3331] design blk_mem_gen_mux__parameterized0 has unconnected port SBITERRIN[3042]
WARNING: [Synth 8-3331] design blk_mem_gen_mux__parameterized0 has unconnected port SBITERRIN[3041]
WARNING: [Synth 8-3331] design blk_mem_gen_mux__parameterized0 has unconnected port SBITERRIN[3040]
WARNING: [Synth 8-3331] design blk_mem_gen_mux__parameterized0 has unconnected port SBITERRIN[3039]
WARNING: [Synth 8-3331] design blk_mem_gen_mux__parameterized0 has unconnected port SBITERRIN[3038]
WARNING: [Synth 8-3331] design blk_mem_gen_mux__parameterized0 has unconnected port SBITERRIN[3037]
WARNING: [Synth 8-3331] design blk_mem_gen_mux__parameterized0 has unconnected port SBITERRIN[3036]
WARNING: [Synth 8-3331] design blk_mem_gen_mux__parameterized0 has unconnected port SBITERRIN[3035]
WARNING: [Synth 8-3331] design blk_mem_gen_mux__parameterized0 has unconnected port SBITERRIN[3034]
WARNING: [Synth 8-3331] design blk_mem_gen_mux__parameterized0 has unconnected port SBITERRIN[3033]
WARNING: [Synth 8-3331] design blk_mem_gen_mux__parameterized0 has unconnected port SBITERRIN[3032]
WARNING: [Synth 8-3331] design blk_mem_gen_mux__parameterized0 has unconnected port SBITERRIN[3031]
WARNING: [Synth 8-3331] design blk_mem_gen_mux__parameterized0 has unconnected port SBITERRIN[3030]
WARNING: [Synth 8-3331] design blk_mem_gen_mux__parameterized0 has unconnected port SBITERRIN[3029]
WARNING: [Synth 8-3331] design blk_mem_gen_mux__parameterized0 has unconnected port SBITERRIN[3028]
WARNING: [Synth 8-3331] design blk_mem_gen_mux__parameterized0 has unconnected port SBITERRIN[3027]
WARNING: [Synth 8-3331] design blk_mem_gen_mux__parameterized0 has unconnected port SBITERRIN[3026]
WARNING: [Synth 8-3331] design blk_mem_gen_mux__parameterized0 has unconnected port SBITERRIN[3025]
WARNING: [Synth 8-3331] design blk_mem_gen_mux__parameterized0 has unconnected port SBITERRIN[3024]
WARNING: [Synth 8-3331] design blk_mem_gen_mux__parameterized0 has unconnected port SBITERRIN[3023]
WARNING: [Synth 8-3331] design blk_mem_gen_mux__parameterized0 has unconnected port SBITERRIN[3022]
WARNING: [Synth 8-3331] design blk_mem_gen_mux__parameterized0 has unconnected port SBITERRIN[3021]
WARNING: [Synth 8-3331] design blk_mem_gen_mux__parameterized0 has unconnected port SBITERRIN[3020]
WARNING: [Synth 8-3331] design blk_mem_gen_mux__parameterized0 has unconnected port SBITERRIN[3019]
WARNING: [Synth 8-3331] design blk_mem_gen_mux__parameterized0 has unconnected port SBITERRIN[3018]
WARNING: [Synth 8-3331] design blk_mem_gen_mux__parameterized0 has unconnected port SBITERRIN[3017]
WARNING: [Synth 8-3331] design blk_mem_gen_mux__parameterized0 has unconnected port SBITERRIN[3016]
WARNING: [Synth 8-3331] design blk_mem_gen_mux__parameterized0 has unconnected port SBITERRIN[3015]
WARNING: [Synth 8-3331] design blk_mem_gen_mux__parameterized0 has unconnected port SBITERRIN[3014]
WARNING: [Synth 8-3331] design blk_mem_gen_mux__parameterized0 has unconnected port SBITERRIN[3013]
WARNING: [Synth 8-3331] design blk_mem_gen_mux__parameterized0 has unconnected port SBITERRIN[3012]
WARNING: [Synth 8-3331] design blk_mem_gen_mux__parameterized0 has unconnected port SBITERRIN[3011]
WARNING: [Synth 8-3331] design blk_mem_gen_mux__parameterized0 has unconnected port SBITERRIN[3010]
WARNING: [Synth 8-3331] design blk_mem_gen_mux__parameterized0 has unconnected port SBITERRIN[3009]
WARNING: [Synth 8-3331] design blk_mem_gen_mux__parameterized0 has unconnected port SBITERRIN[3008]
WARNING: [Synth 8-3331] design blk_mem_gen_mux__parameterized0 has unconnected port SBITERRIN[3007]
WARNING: [Synth 8-3331] design blk_mem_gen_mux__parameterized0 has unconnected port SBITERRIN[3006]
WARNING: [Synth 8-3331] design blk_mem_gen_mux__parameterized0 has unconnected port SBITERRIN[3005]
WARNING: [Synth 8-3331] design blk_mem_gen_mux__parameterized0 has unconnected port SBITERRIN[3004]
WARNING: [Synth 8-3331] design blk_mem_gen_mux__parameterized0 has unconnected port SBITERRIN[3003]
WARNING: [Synth 8-3331] design blk_mem_gen_mux__parameterized0 has unconnected port SBITERRIN[3002]
WARNING: [Synth 8-3331] design blk_mem_gen_mux__parameterized0 has unconnected port SBITERRIN[3001]
WARNING: [Synth 8-3331] design blk_mem_gen_mux__parameterized0 has unconnected port SBITERRIN[3000]
WARNING: [Synth 8-3331] design blk_mem_gen_mux__parameterized0 has unconnected port SBITERRIN[2999]
WARNING: [Synth 8-3331] design blk_mem_gen_mux__parameterized0 has unconnected port SBITERRIN[2998]
WARNING: [Synth 8-3331] design blk_mem_gen_mux__parameterized0 has unconnected port SBITERRIN[2997]
WARNING: [Synth 8-3331] design blk_mem_gen_mux__parameterized0 has unconnected port SBITERRIN[2996]
WARNING: [Synth 8-3331] design blk_mem_gen_mux__parameterized0 has unconnected port SBITERRIN[2995]
INFO: [Common 17-14] Message 'Synth 8-3331' appears 100 times and further instances of the messages will be disabled. Use the Tcl command set_msg_config to change the current settings.
---------------------------------------------------------------------------------
Finished RTL Elaboration : Time (s): cpu = 00:02:48 ; elapsed = 00:03:10 . Memory (MB): peak = 1733.191 ; gain = 470.617 ; free physical = 5950 ; free virtual = 9867
---------------------------------------------------------------------------------

Report Check Netlist: 
+------+------------------+-------+---------+-------+------------------+
|      |Item              |Errors |Warnings |Status |Description       |
+------+------------------+-------+---------+-------+------------------+
|1     |multi_driven_nets |      0|        0|Passed |Multi driven nets |
+------+------------------+-------+---------+-------+------------------+
---------------------------------------------------------------------------------
Start Handling Custom Attributes
---------------------------------------------------------------------------------
---------------------------------------------------------------------------------
Finished Handling Custom Attributes : Time (s): cpu = 00:02:48 ; elapsed = 00:03:11 . Memory (MB): peak = 1733.191 ; gain = 470.617 ; free physical = 5975 ; free virtual = 9891
---------------------------------------------------------------------------------
---------------------------------------------------------------------------------
Finished RTL Optimization Phase 1 : Time (s): cpu = 00:02:48 ; elapsed = 00:03:11 . Memory (MB): peak = 1733.191 ; gain = 470.617 ; free physical = 5975 ; free virtual = 9891
---------------------------------------------------------------------------------
INFO: [Netlist 29-17] Analyzing 97 Unisim elements for replacement
INFO: [Netlist 29-28] Unisim Transformation completed in 0 CPU seconds
INFO: [Device 21-403] Loading part xc7z020clg484-1
INFO: [Project 1-570] Preparing netlist for logic optimization

Processing XDC Constraints
Initializing timing engine
Parsing XDC File [/home/saba/Documents/workstation4_image_processing/project_1/project_1.srcs/sources_1/ip/blk_mem_gen_0/blk_mem_gen_0_ooc.xdc] for cell 'U0'
Finished Parsing XDC File [/home/saba/Documents/workstation4_image_processing/project_1/project_1.srcs/sources_1/ip/blk_mem_gen_0/blk_mem_gen_0_ooc.xdc] for cell 'U0'
Parsing XDC File [/home/saba/Documents/workstation4_image_processing/project_1/project_1.runs/blk_mem_gen_0_synth_1/dont_touch.xdc]
Finished Parsing XDC File [/home/saba/Documents/workstation4_image_processing/project_1/project_1.runs/blk_mem_gen_0_synth_1/dont_touch.xdc]
Completed Processing XDC Constraints

INFO: [Project 1-111] Unisim Transformation Summary:
No Unisim elements were transformed.

Constraint Validation Runtime : Time (s): cpu = 00:00:00.04 ; elapsed = 00:00:00.06 . Memory (MB): peak = 1818.207 ; gain = 0.000 ; free physical = 5702 ; free virtual = 9618
---------------------------------------------------------------------------------
Finished Constraint Validation : Time (s): cpu = 00:03:06 ; elapsed = 00:03:51 . Memory (MB): peak = 1818.207 ; gain = 555.633 ; free physical = 5806 ; free virtual = 9723
---------------------------------------------------------------------------------
---------------------------------------------------------------------------------
Start Loading Part and Timing Information
---------------------------------------------------------------------------------
Loading part: xc7z020clg484-1
---------------------------------------------------------------------------------
Finished Loading Part and Timing Information : Time (s): cpu = 00:03:06 ; elapsed = 00:03:51 . Memory (MB): peak = 1818.207 ; gain = 555.633 ; free physical = 5806 ; free virtual = 9723
---------------------------------------------------------------------------------
---------------------------------------------------------------------------------
Start Applying 'set_property' XDC Constraints
---------------------------------------------------------------------------------
Applied set_property DONT_TOUCH = true for U0. (constraint file  /home/saba/Documents/workstation4_image_processing/project_1/project_1.runs/blk_mem_gen_0_synth_1/dont_touch.xdc, line 9).
---------------------------------------------------------------------------------
Finished applying 'set_property' XDC Constraints : Time (s): cpu = 00:03:06 ; elapsed = 00:03:51 . Memory (MB): peak = 1818.207 ; gain = 555.633 ; free physical = 5809 ; free virtual = 9726
---------------------------------------------------------------------------------
---------------------------------------------------------------------------------
Finished RTL Optimization Phase 2 : Time (s): cpu = 00:03:11 ; elapsed = 00:03:59 . Memory (MB): peak = 1818.207 ; gain = 555.633 ; free physical = 5785 ; free virtual = 9703
---------------------------------------------------------------------------------

Report RTL Partitions: 
+-+--------------+------------+----------+
| |RTL Partition |Replication |Instances |
+-+--------------+------------+----------+
+-+--------------+------------+----------+
---------------------------------------------------------------------------------
Start RTL Component Statistics 
---------------------------------------------------------------------------------
Detailed RTL Component Info : 
+---Registers : 
	               19 Bit    Registers := 1     
	                8 Bit    Registers := 3     
+---Muxes : 
	   2 Input      1 Bit        Muxes := 513   
---------------------------------------------------------------------------------
Finished RTL Component Statistics 
---------------------------------------------------------------------------------
---------------------------------------------------------------------------------
Start RTL Hierarchical Component Statistics 
---------------------------------------------------------------------------------
Hierarchical RTL Component report 
Module bindec 
Detailed RTL Component Info : 
+---Muxes : 
	   2 Input      1 Bit        Muxes := 256   
Module blk_mem_gen_mux 
Detailed RTL Component Info : 
+---Registers : 
	                8 Bit    Registers := 1     
Module blk_mem_gen_mux__parameterized0 
Detailed RTL Component Info : 
+---Registers : 
	               19 Bit    Registers := 1     
	                8 Bit    Registers := 2     
+---Muxes : 
	   2 Input      1 Bit        Muxes := 1     
---------------------------------------------------------------------------------
Finished RTL Hierarchical Component Statistics
---------------------------------------------------------------------------------
---------------------------------------------------------------------------------
Start Part Resource Summary
---------------------------------------------------------------------------------
Part Resources:
DSPs: 220 (col length:60)
BRAMs: 280 (col length: RAMB18 60 RAMB36 30)
---------------------------------------------------------------------------------
Finished Part Resource Summary
---------------------------------------------------------------------------------
---------------------------------------------------------------------------------
Start Cross Boundary and Area Optimization
---------------------------------------------------------------------------------
Warning: Parallel synthesis criteria is not met 
INFO: [Synth 8-3332] Sequential element (inst_blk_mem_gen/gnbram.gnativebmg.native_blk_mem_gen/valid.cstr/has_mux_a.A/no_softecc_sel_reg.ce_pri.sel_pipe_reg[7]) is unused and will be removed from module blk_mem_gen_v8_4_1.
INFO: [Synth 8-3332] Sequential element (inst_blk_mem_gen/gnbram.gnativebmg.native_blk_mem_gen/valid.cstr/has_mux_a.A/no_softecc_sel_reg.ce_pri.sel_pipe_reg[6]) is unused and will be removed from module blk_mem_gen_v8_4_1.
INFO: [Synth 8-3332] Sequential element (inst_blk_mem_gen/gnbram.gnativebmg.native_blk_mem_gen/valid.cstr/has_mux_a.A/no_softecc_sel_reg.ce_pri.sel_pipe_reg[5]) is unused and will be removed from module blk_mem_gen_v8_4_1.
INFO: [Synth 8-3332] Sequential element (inst_blk_mem_gen/gnbram.gnativebmg.native_blk_mem_gen/valid.cstr/has_mux_a.A/no_softecc_sel_reg.ce_pri.sel_pipe_reg[4]) is unused and will be removed from module blk_mem_gen_v8_4_1.
INFO: [Synth 8-3332] Sequential element (inst_blk_mem_gen/gnbram.gnativebmg.native_blk_mem_gen/valid.cstr/has_mux_a.A/no_softecc_sel_reg.ce_pri.sel_pipe_reg[3]) is unused and will be removed from module blk_mem_gen_v8_4_1.
INFO: [Synth 8-3332] Sequential element (inst_blk_mem_gen/gnbram.gnativebmg.native_blk_mem_gen/valid.cstr/has_mux_a.A/no_softecc_sel_reg.ce_pri.sel_pipe_reg[2]) is unused and will be removed from module blk_mem_gen_v8_4_1.
INFO: [Synth 8-3332] Sequential element (inst_blk_mem_gen/gnbram.gnativebmg.native_blk_mem_gen/valid.cstr/has_mux_a.A/no_softecc_sel_reg.ce_pri.sel_pipe_reg[1]) is unused and will be removed from module blk_mem_gen_v8_4_1.
INFO: [Synth 8-3332] Sequential element (inst_blk_mem_gen/gnbram.gnativebmg.native_blk_mem_gen/valid.cstr/has_mux_a.A/no_softecc_sel_reg.ce_pri.sel_pipe_reg[0]) is unused and will be removed from module blk_mem_gen_v8_4_1.
---------------------------------------------------------------------------------
Finished Cross Boundary and Area Optimization : Time (s): cpu = 00:03:19 ; elapsed = 00:04:07 . Memory (MB): peak = 1818.207 ; gain = 555.633 ; free physical = 5758 ; free virtual = 9688
---------------------------------------------------------------------------------

Report RTL Partitions: 
+-+--------------+------------+----------+
| |RTL Partition |Replication |Instances |
+-+--------------+------------+----------+
+-+--------------+------------+----------+
---------------------------------------------------------------------------------
Start Applying XDC Timing Constraints
---------------------------------------------------------------------------------
---------------------------------------------------------------------------------
Finished Applying XDC Timing Constraints : Time (s): cpu = 00:03:26 ; elapsed = 00:04:19 . Memory (MB): peak = 1818.207 ; gain = 555.633 ; free physical = 5635 ; free virtual = 9565
---------------------------------------------------------------------------------
---------------------------------------------------------------------------------
Start Timing Optimization
---------------------------------------------------------------------------------
---------------------------------------------------------------------------------
Finished Timing Optimization : Time (s): cpu = 00:03:27 ; elapsed = 00:04:20 . Memory (MB): peak = 1818.207 ; gain = 555.633 ; free physical = 5631 ; free virtual = 9560
---------------------------------------------------------------------------------

Report RTL Partitions: 
+-+--------------+------------+----------+
| |RTL Partition |Replication |Instances |
+-+--------------+------------+----------+
+-+--------------+------------+----------+
---------------------------------------------------------------------------------
Start Technology Mapping
---------------------------------------------------------------------------------
---------------------------------------------------------------------------------
Finished Technology Mapping : Time (s): cpu = 00:03:27 ; elapsed = 00:04:20 . Memory (MB): peak = 1818.207 ; gain = 555.633 ; free physical = 5629 ; free virtual = 9558
---------------------------------------------------------------------------------

Report RTL Partitions: 
+-+--------------+------------+----------+
| |RTL Partition |Replication |Instances |
+-+--------------+------------+----------+
+-+--------------+------------+----------+
---------------------------------------------------------------------------------
Start IO Insertion
---------------------------------------------------------------------------------
---------------------------------------------------------------------------------
Start Flattening Before IO Insertion
---------------------------------------------------------------------------------
---------------------------------------------------------------------------------
Finished Flattening Before IO Insertion
---------------------------------------------------------------------------------
---------------------------------------------------------------------------------
Start Final Netlist Cleanup
---------------------------------------------------------------------------------
---------------------------------------------------------------------------------
Finished Final Netlist Cleanup
---------------------------------------------------------------------------------
---------------------------------------------------------------------------------
Finished IO Insertion : Time (s): cpu = 00:03:28 ; elapsed = 00:04:21 . Memory (MB): peak = 1818.207 ; gain = 555.633 ; free physical = 5629 ; free virtual = 9558
---------------------------------------------------------------------------------

Report Check Netlist: 
+------+------------------+-------+---------+-------+------------------+
|      |Item              |Errors |Warnings |Status |Description       |
+------+------------------+-------+---------+-------+------------------+
|1     |multi_driven_nets |      0|        0|Passed |Multi driven nets |
+------+------------------+-------+---------+-------+------------------+
---------------------------------------------------------------------------------
Start Renaming Generated Instances
---------------------------------------------------------------------------------
---------------------------------------------------------------------------------
Finished Renaming Generated Instances : Time (s): cpu = 00:03:28 ; elapsed = 00:04:21 . Memory (MB): peak = 1818.207 ; gain = 555.633 ; free physical = 5629 ; free virtual = 9558
---------------------------------------------------------------------------------

Report RTL Partitions: 
+-+--------------+------------+----------+
| |RTL Partition |Replication |Instances |
+-+--------------+------------+----------+
+-+--------------+------------+----------+
---------------------------------------------------------------------------------
Start Rebuilding User Hierarchy
---------------------------------------------------------------------------------
---------------------------------------------------------------------------------
Finished Rebuilding User Hierarchy : Time (s): cpu = 00:03:28 ; elapsed = 00:04:21 . Memory (MB): peak = 1818.207 ; gain = 555.633 ; free physical = 5629 ; free virtual = 9558
---------------------------------------------------------------------------------
---------------------------------------------------------------------------------
Start Renaming Generated Ports
---------------------------------------------------------------------------------
---------------------------------------------------------------------------------
Finished Renaming Generated Ports : Time (s): cpu = 00:03:28 ; elapsed = 00:04:21 . Memory (MB): peak = 1818.207 ; gain = 555.633 ; free physical = 5629 ; free virtual = 9558
---------------------------------------------------------------------------------
---------------------------------------------------------------------------------
Start Handling Custom Attributes
---------------------------------------------------------------------------------
---------------------------------------------------------------------------------
Finished Handling Custom Attributes : Time (s): cpu = 00:03:28 ; elapsed = 00:04:21 . Memory (MB): peak = 1818.207 ; gain = 555.633 ; free physical = 5629 ; free virtual = 9558
---------------------------------------------------------------------------------
---------------------------------------------------------------------------------
Start Renaming Generated Nets
---------------------------------------------------------------------------------
---------------------------------------------------------------------------------
Finished Renaming Generated Nets : Time (s): cpu = 00:03:28 ; elapsed = 00:04:21 . Memory (MB): peak = 1818.207 ; gain = 555.633 ; free physical = 5629 ; free virtual = 9558
---------------------------------------------------------------------------------
---------------------------------------------------------------------------------
Start Writing Synthesis Report
---------------------------------------------------------------------------------

Report BlackBoxes: 
+-+--------------+----------+
| |BlackBox name |Instances |
+-+--------------+----------+
+-+--------------+----------+

Report Cell Usage: 
+------+-----------+------+
|      |Cell       |Count |
+------+-----------+------+
|1     |LUT2       |     2|
|2     |LUT3       |    17|
|3     |LUT4       |    62|
|4     |LUT5       |    55|
|5     |LUT6       |   232|
|6     |MUXF7      |    84|
|7     |MUXF8      |    36|
|8     |RAMB18E1   |     2|
|9     |RAMB18E1_1 |     1|
|10    |RAMB18E1_2 |     1|
|11    |RAMB36E1   |    12|
|12    |RAMB36E1_1 |    12|
|13    |RAMB36E1_2 |    68|
|14    |RAMB36E1_3 |     1|
|15    |FDRE       |    16|
+------+-----------+------+

Report Instance Areas: 
+------+---------------------------------------------+------------------------------------------+------+
|      |Instance                                     |Module                                    |Cells |
+------+---------------------------------------------+------------------------------------------+------+
|1     |top                                          |                                          |   601|
|2     |  U0                                         |blk_mem_gen_v8_4_1                        |   601|
|3     |    inst_blk_mem_gen                         |blk_mem_gen_v8_4_1_synth                  |   601|
|4     |      \gnbram.gnativebmg.native_blk_mem_gen  |blk_mem_gen_top                           |   601|
|5     |        \valid.cstr                          |blk_mem_gen_generic_cstr                  |   601|
|6     |          \has_mux_b.B                       |blk_mem_gen_mux__parameterized0           |   326|
|7     |          \ramloop[0].ram.r                  |blk_mem_gen_prim_width                    |     2|
|8     |            \prim_noinit.ram                 |blk_mem_gen_prim_wrapper                  |     2|
|9     |          \ramloop[10].ram.r                 |blk_mem_gen_prim_width__parameterized9    |     1|
|10    |            \prim_noinit.ram                 |blk_mem_gen_prim_wrapper__parameterized9  |     1|
|11    |          \ramloop[11].ram.r                 |blk_mem_gen_prim_width__parameterized10   |     3|
|12    |            \prim_noinit.ram                 |blk_mem_gen_prim_wrapper__parameterized10 |     3|
|13    |          \ramloop[12].ram.r                 |blk_mem_gen_prim_width__parameterized11   |     3|
|14    |            \prim_noinit.ram                 |blk_mem_gen_prim_wrapper__parameterized11 |     3|
|15    |          \ramloop[13].ram.r                 |blk_mem_gen_prim_width__parameterized12   |     3|
|16    |            \prim_noinit.ram                 |blk_mem_gen_prim_wrapper__parameterized12 |     3|
|17    |          \ramloop[14].ram.r                 |blk_mem_gen_prim_width__parameterized13   |     3|
|18    |            \prim_noinit.ram                 |blk_mem_gen_prim_wrapper__parameterized13 |     3|
|19    |          \ramloop[15].ram.r                 |blk_mem_gen_prim_width__parameterized14   |     3|
|20    |            \prim_noinit.ram                 |blk_mem_gen_prim_wrapper__parameterized14 |     3|
|21    |          \ramloop[16].ram.r                 |blk_mem_gen_prim_width__parameterized15   |     3|
|22    |            \prim_noinit.ram                 |blk_mem_gen_prim_wrapper__parameterized15 |     3|
|23    |          \ramloop[17].ram.r                 |blk_mem_gen_prim_width__parameterized16   |     4|
|24    |            \prim_noinit.ram                 |blk_mem_gen_prim_wrapper__parameterized16 |     4|
|25    |          \ramloop[18].ram.r                 |blk_mem_gen_prim_width__parameterized17   |     4|
|26    |            \prim_noinit.ram                 |blk_mem_gen_prim_wrapper__parameterized17 |     4|
|27    |          \ramloop[19].ram.r                 |blk_mem_gen_prim_width__parameterized18   |     3|
|28    |            \prim_noinit.ram                 |blk_mem_gen_prim_wrapper__parameterized18 |     3|
|29    |          \ramloop[1].ram.r                  |blk_mem_gen_prim_width__parameterized0    |     2|
|30    |            \prim_noinit.ram                 |blk_mem_gen_prim_wrapper__parameterized0  |     2|
|31    |          \ramloop[20].ram.r                 |blk_mem_gen_prim_width__parameterized19   |     3|
|32    |            \prim_noinit.ram                 |blk_mem_gen_prim_wrapper__parameterized19 |     3|
|33    |          \ramloop[21].ram.r                 |blk_mem_gen_prim_width__parameterized20   |     3|
|34    |            \prim_noinit.ram                 |blk_mem_gen_prim_wrapper__parameterized20 |     3|
|35    |          \ramloop[22].ram.r                 |blk_mem_gen_prim_width__parameterized21   |     3|
|36    |            \prim_noinit.ram                 |blk_mem_gen_prim_wrapper__parameterized21 |     3|
|37    |          \ramloop[23].ram.r                 |blk_mem_gen_prim_width__parameterized22   |     4|
|38    |            \prim_noinit.ram                 |blk_mem_gen_prim_wrapper__parameterized22 |     4|
|39    |          \ramloop[24].ram.r                 |blk_mem_gen_prim_width__parameterized23   |     3|
|40    |            \prim_noinit.ram                 |blk_mem_gen_prim_wrapper__parameterized23 |     3|
|41    |          \ramloop[25].ram.r                 |blk_mem_gen_prim_width__parameterized24   |     4|
|42    |            \prim_noinit.ram                 |blk_mem_gen_prim_wrapper__parameterized24 |     4|
|43    |          \ramloop[26].ram.r                 |blk_mem_gen_prim_width__parameterized25   |     4|
|44    |            \prim_noinit.ram                 |blk_mem_gen_prim_wrapper__parameterized25 |     4|
|45    |          \ramloop[27].ram.r                 |blk_mem_gen_prim_width__parameterized26   |     4|
|46    |            \prim_noinit.ram                 |blk_mem_gen_prim_wrapper__parameterized26 |     4|
|47    |          \ramloop[28].ram.r                 |blk_mem_gen_prim_width__parameterized27   |     4|
|48    |            \prim_noinit.ram                 |blk_mem_gen_prim_wrapper__parameterized27 |     4|
|49    |          \ramloop[29].ram.r                 |blk_mem_gen_prim_width__parameterized28   |     4|
|50    |            \prim_noinit.ram                 |blk_mem_gen_prim_wrapper__parameterized28 |     4|
|51    |          \ramloop[2].ram.r                  |blk_mem_gen_prim_width__parameterized1    |     2|
|52    |            \prim_noinit.ram                 |blk_mem_gen_prim_wrapper__parameterized1  |     2|
|53    |          \ramloop[30].ram.r                 |blk_mem_gen_prim_width__parameterized29   |     4|
|54    |            \prim_noinit.ram                 |blk_mem_gen_prim_wrapper__parameterized29 |     4|
|55    |          \ramloop[31].ram.r                 |blk_mem_gen_prim_width__parameterized30   |     4|
|56    |            \prim_noinit.ram                 |blk_mem_gen_prim_wrapper__parameterized30 |     4|
|57    |          \ramloop[32].ram.r                 |blk_mem_gen_prim_width__parameterized31   |     3|
|58    |            \prim_noinit.ram                 |blk_mem_gen_prim_wrapper__parameterized31 |     3|
|59    |          \ramloop[33].ram.r                 |blk_mem_gen_prim_width__parameterized32   |     5|
|60    |            \prim_noinit.ram                 |blk_mem_gen_prim_wrapper__parameterized32 |     5|
|61    |          \ramloop[34].ram.r                 |blk_mem_gen_prim_width__parameterized33   |     3|
|62    |            \prim_noinit.ram                 |blk_mem_gen_prim_wrapper__parameterized33 |     3|
|63    |          \ramloop[35].ram.r                 |blk_mem_gen_prim_width__parameterized34   |     3|
|64    |            \prim_noinit.ram                 |blk_mem_gen_prim_wrapper__parameterized34 |     3|
|65    |          \ramloop[36].ram.r                 |blk_mem_gen_prim_width__parameterized35   |     3|
|66    |            \prim_noinit.ram                 |blk_mem_gen_prim_wrapper__parameterized35 |     3|
|67    |          \ramloop[37].ram.r                 |blk_mem_gen_prim_width__parameterized36   |     3|
|68    |            \prim_noinit.ram                 |blk_mem_gen_prim_wrapper__parameterized36 |     3|
|69    |          \ramloop[38].ram.r                 |blk_mem_gen_prim_width__parameterized37   |     3|
|70    |            \prim_noinit.ram                 |blk_mem_gen_prim_wrapper__parameterized37 |     3|
|71    |          \ramloop[39].ram.r                 |blk_mem_gen_prim_width__parameterized38   |     3|
|72    |            \prim_noinit.ram                 |blk_mem_gen_prim_wrapper__parameterized38 |     3|
|73    |          \ramloop[3].ram.r                  |blk_mem_gen_prim_width__parameterized2    |     2|
|74    |            \prim_noinit.ram                 |blk_mem_gen_prim_wrapper__parameterized2  |     2|
|75    |          \ramloop[40].ram.r                 |blk_mem_gen_prim_width__parameterized39   |     3|
|76    |            \prim_noinit.ram                 |blk_mem_gen_prim_wrapper__parameterized39 |     3|
|77    |          \ramloop[41].ram.r                 |blk_mem_gen_prim_width__parameterized40   |     4|
|78    |            \prim_noinit.ram                 |blk_mem_gen_prim_wrapper__parameterized40 |     4|
|79    |          \ramloop[42].ram.r                 |blk_mem_gen_prim_width__parameterized41   |     4|
|80    |            \prim_noinit.ram                 |blk_mem_gen_prim_wrapper__parameterized41 |     4|
|81    |          \ramloop[43].ram.r                 |blk_mem_gen_prim_width__parameterized42   |     3|
|82    |            \prim_noinit.ram                 |blk_mem_gen_prim_wrapper__parameterized42 |     3|
|83    |          \ramloop[44].ram.r                 |blk_mem_gen_prim_width__parameterized43   |     3|
|84    |            \prim_noinit.ram                 |blk_mem_gen_prim_wrapper__parameterized43 |     3|
|85    |          \ramloop[45].ram.r                 |blk_mem_gen_prim_width__parameterized44   |     3|
|86    |            \prim_noinit.ram                 |blk_mem_gen_prim_wrapper__parameterized44 |     3|
|87    |          \ramloop[46].ram.r                 |blk_mem_gen_prim_width__parameterized45   |     3|
|88    |            \prim_noinit.ram                 |blk_mem_gen_prim_wrapper__parameterized45 |     3|
|89    |          \ramloop[47].ram.r                 |blk_mem_gen_prim_width__parameterized46   |     3|
|90    |            \prim_noinit.ram                 |blk_mem_gen_prim_wrapper__parameterized46 |     3|
|91    |          \ramloop[48].ram.r                 |blk_mem_gen_prim_width__parameterized47   |     3|
|92    |            \prim_noinit.ram                 |blk_mem_gen_prim_wrapper__parameterized47 |     3|
|93    |          \ramloop[49].ram.r                 |blk_mem_gen_prim_width__parameterized48   |     4|
|94    |            \prim_noinit.ram                 |blk_mem_gen_prim_wrapper__parameterized48 |     4|
|95    |          \ramloop[4].ram.r                  |blk_mem_gen_prim_width__parameterized3    |     3|
|96    |            \prim_noinit.ram                 |blk_mem_gen_prim_wrapper__parameterized3  |     3|
|97    |          \ramloop[50].ram.r                 |blk_mem_gen_prim_width__parameterized49   |     4|
|98    |            \prim_noinit.ram                 |blk_mem_gen_prim_wrapper__parameterized49 |     4|
|99    |          \ramloop[51].ram.r                 |blk_mem_gen_prim_width__parameterized50   |     3|
|100   |            \prim_noinit.ram                 |blk_mem_gen_prim_wrapper__parameterized50 |     3|
|101   |          \ramloop[52].ram.r                 |blk_mem_gen_prim_width__parameterized51   |     3|
|102   |            \prim_noinit.ram                 |blk_mem_gen_prim_wrapper__parameterized51 |     3|
|103   |          \ramloop[53].ram.r                 |blk_mem_gen_prim_width__parameterized52   |     3|
|104   |            \prim_noinit.ram                 |blk_mem_gen_prim_wrapper__parameterized52 |     3|
|105   |          \ramloop[54].ram.r                 |blk_mem_gen_prim_width__parameterized53   |     3|
|106   |            \prim_noinit.ram                 |blk_mem_gen_prim_wrapper__parameterized53 |     3|
|107   |          \ramloop[55].ram.r                 |blk_mem_gen_prim_width__parameterized54   |     3|
|108   |            \prim_noinit.ram                 |blk_mem_gen_prim_wrapper__parameterized54 |     3|
|109   |          \ramloop[56].ram.r                 |blk_mem_gen_prim_width__parameterized55   |     3|
|110   |            \prim_noinit.ram                 |blk_mem_gen_prim_wrapper__parameterized55 |     3|
|111   |          \ramloop[57].ram.r                 |blk_mem_gen_prim_width__parameterized56   |     4|
|112   |            \prim_noinit.ram                 |blk_mem_gen_prim_wrapper__parameterized56 |     4|
|113   |          \ramloop[58].ram.r                 |blk_mem_gen_prim_width__parameterized57   |     4|
|114   |            \prim_noinit.ram                 |blk_mem_gen_prim_wrapper__parameterized57 |     4|
|115   |          \ramloop[59].ram.r                 |blk_mem_gen_prim_width__parameterized58   |     3|
|116   |            \prim_noinit.ram                 |blk_mem_gen_prim_wrapper__parameterized58 |     3|
|117   |          \ramloop[5].ram.r                  |blk_mem_gen_prim_width__parameterized4    |     4|
|118   |            \prim_noinit.ram                 |blk_mem_gen_prim_wrapper__parameterized4  |     4|
|119   |          \ramloop[60].ram.r                 |blk_mem_gen_prim_width__parameterized59   |     3|
|120   |            \prim_noinit.ram                 |blk_mem_gen_prim_wrapper__parameterized59 |     3|
|121   |          \ramloop[61].ram.r                 |blk_mem_gen_prim_width__parameterized60   |     3|
|122   |            \prim_noinit.ram                 |blk_mem_gen_prim_wrapper__parameterized60 |     3|
|123   |          \ramloop[62].ram.r                 |blk_mem_gen_prim_width__parameterized61   |     3|
|124   |            \prim_noinit.ram                 |blk_mem_gen_prim_wrapper__parameterized61 |     3|
|125   |          \ramloop[63].ram.r                 |blk_mem_gen_prim_width__parameterized62   |     3|
|126   |            \prim_noinit.ram                 |blk_mem_gen_prim_wrapper__parameterized62 |     3|
|127   |          \ramloop[64].ram.r                 |blk_mem_gen_prim_width__parameterized63   |     3|
|128   |            \prim_noinit.ram                 |blk_mem_gen_prim_wrapper__parameterized63 |     3|
|129   |          \ramloop[65].ram.r                 |blk_mem_gen_prim_width__parameterized64   |     5|
|130   |            \prim_noinit.ram                 |blk_mem_gen_prim_wrapper__parameterized64 |     5|
|131   |          \ramloop[66].ram.r                 |blk_mem_gen_prim_width__parameterized65   |     3|
|132   |            \prim_noinit.ram                 |blk_mem_gen_prim_wrapper__parameterized65 |     3|
|133   |          \ramloop[67].ram.r                 |blk_mem_gen_prim_width__parameterized66   |     3|
|134   |            \prim_noinit.ram                 |blk_mem_gen_prim_wrapper__parameterized66 |     3|
|135   |          \ramloop[68].ram.r                 |blk_mem_gen_prim_width__parameterized67   |     3|
|136   |            \prim_noinit.ram                 |blk_mem_gen_prim_wrapper__parameterized67 |     3|
|137   |          \ramloop[69].ram.r                 |blk_mem_gen_prim_width__parameterized68   |     3|
|138   |            \prim_noinit.ram                 |blk_mem_gen_prim_wrapper__parameterized68 |     3|
|139   |          \ramloop[6].ram.r                  |blk_mem_gen_prim_width__parameterized5    |     4|
|140   |            \prim_noinit.ram                 |blk_mem_gen_prim_wrapper__parameterized5  |     4|
|141   |          \ramloop[70].ram.r                 |blk_mem_gen_prim_width__parameterized69   |     3|
|142   |            \prim_noinit.ram                 |blk_mem_gen_prim_wrapper__parameterized69 |     3|
|143   |          \ramloop[71].ram.r                 |blk_mem_gen_prim_width__parameterized70   |     3|
|144   |            \prim_noinit.ram                 |blk_mem_gen_prim_wrapper__parameterized70 |     3|
|145   |          \ramloop[72].ram.r                 |blk_mem_gen_prim_width__parameterized71   |     3|
|146   |            \prim_noinit.ram                 |blk_mem_gen_prim_wrapper__parameterized71 |     3|
|147   |          \ramloop[73].ram.r                 |blk_mem_gen_prim_width__parameterized72   |     5|
|148   |            \prim_noinit.ram                 |blk_mem_gen_prim_wrapper__parameterized72 |     5|
|149   |          \ramloop[74].ram.r                 |blk_mem_gen_prim_width__parameterized73   |     3|
|150   |            \prim_noinit.ram                 |blk_mem_gen_prim_wrapper__parameterized73 |     3|
|151   |          \ramloop[75].ram.r                 |blk_mem_gen_prim_width__parameterized74   |     4|
|152   |            \prim_noinit.ram                 |blk_mem_gen_prim_wrapper__parameterized74 |     4|
|153   |          \ramloop[76].ram.r                 |blk_mem_gen_prim_width__parameterized75   |     4|
|154   |            \prim_noinit.ram                 |blk_mem_gen_prim_wrapper__parameterized75 |     4|
|155   |          \ramloop[77].ram.r                 |blk_mem_gen_prim_width__parameterized76   |     4|
|156   |            \prim_noinit.ram                 |blk_mem_gen_prim_wrapper__parameterized76 |     4|
|157   |          \ramloop[78].ram.r                 |blk_mem_gen_prim_width__parameterized77   |     4|
|158   |            \prim_noinit.ram                 |blk_mem_gen_prim_wrapper__parameterized77 |     4|
|159   |          \ramloop[79].ram.r                 |blk_mem_gen_prim_width__parameterized78   |     3|
|160   |            \prim_noinit.ram                 |blk_mem_gen_prim_wrapper__parameterized78 |     3|
|161   |          \ramloop[7].ram.r                  |blk_mem_gen_prim_width__parameterized6    |     4|
|162   |            \prim_noinit.ram                 |blk_mem_gen_prim_wrapper__parameterized6  |     4|
|163   |          \ramloop[80].ram.r                 |blk_mem_gen_prim_width__parameterized79   |     2|
|164   |            \prim_noinit.ram                 |blk_mem_gen_prim_wrapper__parameterized79 |     2|
|165   |          \ramloop[81].ram.r                 |blk_mem_gen_prim_width__parameterized80   |     2|
|166   |            \prim_noinit.ram                 |blk_mem_gen_prim_wrapper__parameterized80 |     2|
|167   |          \ramloop[82].ram.r                 |blk_mem_gen_prim_width__parameterized81   |     2|
|168   |            \prim_noinit.ram                 |blk_mem_gen_prim_wrapper__parameterized81 |     2|
|169   |          \ramloop[83].ram.r                 |blk_mem_gen_prim_width__parameterized82   |     2|
|170   |            \prim_noinit.ram                 |blk_mem_gen_prim_wrapper__parameterized82 |     2|
|171   |          \ramloop[84].ram.r                 |blk_mem_gen_prim_width__parameterized83   |     2|
|172   |            \prim_noinit.ram                 |blk_mem_gen_prim_wrapper__parameterized83 |     2|
|173   |          \ramloop[8].ram.r                  |blk_mem_gen_prim_width__parameterized7    |     4|
|174   |            \prim_noinit.ram                 |blk_mem_gen_prim_wrapper__parameterized7  |     4|
|175   |          \ramloop[9].ram.r                  |blk_mem_gen_prim_width__parameterized8    |     4|
|176   |            \prim_noinit.ram                 |blk_mem_gen_prim_wrapper__parameterized8  |     4|
+------+---------------------------------------------+------------------------------------------+------+
---------------------------------------------------------------------------------
Finished Writing Synthesis Report : Time (s): cpu = 00:03:28 ; elapsed = 00:04:21 . Memory (MB): peak = 1818.207 ; gain = 555.633 ; free physical = 5629 ; free virtual = 9558
---------------------------------------------------------------------------------
Synthesis finished with 0 errors, 0 critical warnings and 163 warnings.
Synthesis Optimization Runtime : Time (s): cpu = 00:03:13 ; elapsed = 00:03:44 . Memory (MB): peak = 1818.207 ; gain = 470.617 ; free physical = 5685 ; free virtual = 9614
Synthesis Optimization Complete : Time (s): cpu = 00:03:28 ; elapsed = 00:04:21 . Memory (MB): peak = 1818.215 ; gain = 555.633 ; free physical = 5685 ; free virtual = 9614
INFO: [Project 1-571] Translating synthesized netlist
INFO: [Netlist 29-17] Analyzing 217 Unisim elements for replacement
INFO: [Netlist 29-28] Unisim Transformation completed in 0 CPU seconds
INFO: [Project 1-570] Preparing netlist for logic optimization
INFO: [Opt 31-138] Pushed 0 inverter(s) to 0 load pin(s).
INFO: [Project 1-111] Unisim Transformation Summary:
No Unisim elements were transformed.

INFO: [Common 17-83] Releasing license: Synthesis
25 Infos, 100 Warnings, 0 Critical Warnings and 0 Errors encountered.
synth_design completed successfully
synth_design: Time (s): cpu = 00:03:31 ; elapsed = 00:04:23 . Memory (MB): peak = 1818.215 ; gain = 567.195 ; free physical = 5688 ; free virtual = 9618
WARNING: [Constraints 18-5210] No constraint will be written out.
INFO: [Common 17-1381] The checkpoint '/home/saba/Documents/workstation4_image_processing/project_1/project_1.runs/blk_mem_gen_0_synth_1/blk_mem_gen_0.dcp' has been generated.
